<?xml version="1.0" encoding="UTF-8"?><testsuite errors="0" failures="0" name="code-monkey" tests="7" time="2.187"><properties/><testcase classname="com.wideplay.warp.hibernate.ManagedLocalTransactionsTest" name="testSimpleTransactionRollbackOnUnchecked" time="0.203"/><testcase classname="com.wideplay.warp.hibernate.ManagedLocalTransactionsTest" name="testSimpleTransactionRollbackOnChecked" time="0.0"/><testcase classname="com.wideplay.warp.hibernate.ManagedLocalTransactionsTest" name="testSimpleTransaction" time="0.016"/><testcase classname="com.wideplay.warp.hibernate.ManualLocalTransactionsTest" name="testSimpleCrossTxnWork" time="0.032"/><testcase classname="com.wideplay.warp.hibernate.SessionFactoryDuplicationAwareTest" name="testSessionFactoryDuplicateAvoidance" time="0.062"/><testcase classname="com.wideplay.warp.hibernate.SessionFactoryProvisionTest" name="testSessionCreateOnInjection" time="0.031"/><testcase classname="com.wideplay.warp.hibernate.SessionProvisionTest" name="testSessionLifecyclePerTxn" time="0.0"/></testsuite>